
> frontend@0.0.0 dev
> vite --host 127.0.0.1

[2m9:56:40 AM[22m [36m[1m[vite][22m[39m [90m[2m(client)[22m[39m Re-optimizing dependencies because vite config has changed

  [32m[1mVITE[22m v8.0.16[39m  [2mready in [0m[1m396[22m[2m[0m ms[22m

  [32m➜[39m  [1mLocal[22m:   [36mhttp://127.0.0.1:[1m5173[22m/[39m
[2m10:01:06 AM[22m [31m[1m[vite][22m[39m [31mhttp proxy error: /voice/status[39m
AggregateError [ECONNREFUSED]: 
    at internalConnectMultiple (node:net:1134:18)
    at afterConnectMultiple (node:net:1715:7)
[2m10:01:06 AM[22m [31m[1m[vite][22m[39m [31mhttp proxy error: /voice/status[39m
AggregateError [ECONNREFUSED]: 
    at internalConnectMultiple (node:net:1134:18)
    at afterConnectMultiple (node:net:1715:7)
[2m10:12:31 AM[22m [31m[1m[vite][22m[39m [31mhttp proxy error: /voice/status[39m
AggregateError [ECONNREFUSED]: 
    at internalConnectMultiple (node:net:1134:18)
    at afterConnectMultiple (node:net:1715:7)
[2m10:12:31 AM[22m [31m[1m[vite][22m[39m [31mhttp proxy error: /voice/status[39m
AggregateError [ECONNREFUSED]: 
    at internalConnectMultiple (node:net:1134:18)
    at afterConnectMultiple (node:net:1715:7)
[2m10:20:59 AM[22m [31m[1m[vite][22m[39m [31mhttp proxy error: /voice/status[39m
AggregateError [ECONNREFUSED]: 
    at internalConnectMultiple (node:net:1134:18)
    at afterConnectMultiple (node:net:1715:7)
[2m10:20:59 AM[22m [31m[1m[vite][22m[39m [31mhttp proxy error: /voice/status[39m
AggregateError [ECONNREFUSED]: 
    at internalConnectMultiple (node:net:1134:18)
    at afterConnectMultiple (node:net:1715:7)
[2m10:27:30 AM[22m [31m[1m[vite][22m[39m [31mhttp proxy error: /voice/status[39m
AggregateError [ECONNREFUSED]: 
    at internalConnectMultiple (node:net:1134:18)
    at afterConnectMultiple (node:net:1715:7)
[2m10:27:30 AM[22m [31m[1m[vite][22m[39m [31mhttp proxy error: /voice/status[39m
AggregateError [ECONNREFUSED]: 
    at internalConnectMultiple (node:net:1134:18)
    at afterConnectMultiple (node:net:1715:7)
[2m10:36:57 AM[22m [31m[1m[vite][22m[39m [31mhttp proxy error: /voice/status[39m
AggregateError [ECONNREFUSED]: 
    at internalConnectMultiple (node:net:1134:18)
    at afterConnectMultiple (node:net:1715:7)
[2m10:36:57 AM[22m [31m[1m[vite][22m[39m [31mhttp proxy error: /voice/status[39m
AggregateError [ECONNREFUSED]: 
    at internalConnectMultiple (node:net:1134:18)
    at afterConnectMultiple (node:net:1715:7)
